[
  {
    "line": 2,
    "elements": [
      {
        "line": 5,
        "name": "",
        "description": "",
        "type": "background",
        "keyword": "Background",
        "steps": [
          {
            "result": {
              "duration": 8892164700,
              "status": "passed"
            },
            "line": 6,
            "name": "I navigate to Login page",
            "match": {
              "location": "LoginSteps.navigateToLoginPage()"
            },
            "keyword": "Given "
          }
        ]
      },
      {
        "line": 15,
        "name": "Users should be able to login using valid credentials",
        "description": "",
        "id": "login;users-should-be-able-to-login-using-valid-credentials;short-pass;2",
        "after": [
          {
            "result": {
              "duration": 351639100,
              "status": "passed"
            },
            "match": {
              "location": "ScenarioHooks.afterScenarioFailsTakeScreenshot(Scenario)"
            }
          },
          {
            "result": {
              "duration": 40110595900,
              "error_message": "org.openqa.selenium.TimeoutException: Expected condition failed: waiting for visibility of Proxy element for: DefaultElementLocator \u0027By.id: Login\u0027 (tried for 20 second(s) with 500 MILLISECONDS interval)\r\n\tat org.openqa.selenium.support.ui.WebDriverWait.timeoutException(WebDriverWait.java:80)\r\n\tat org.openqa.selenium.support.ui.FluentWait.until(FluentWait.java:232)\r\n\tat com.jalasoft.sfdc.ui.pages.LoginPage.waitUntilPageObjectIsLoaded(LoginPage.java:35)\r\n\tat com.jalasoft.sfdc.ui.BasePage.\u003cinit\u003e(BasePage.java:38)\r\n\tat com.jalasoft.sfdc.ui.pages.LoginPage.\u003cinit\u003e(LoginPage.java:16)\r\n\tat com.jalasoft.sfdc.ui.components.TopMenu.logout(TopMenu.java:22)\r\n\tat com.jalasoft.sfdc.steps.LoginSteps.afterLoginScenario(LoginSteps.java:132)\r\n\tat sun.reflect.NativeMethodAccessorImpl.invoke0(Native Method)\r\n\tat sun.reflect.NativeMethodAccessorImpl.invoke(NativeMethodAccessorImpl.java:62)\r\n\tat sun.reflect.DelegatingMethodAccessorImpl.invoke(DelegatingMethodAccessorImpl.java:43)\r\n\tat java.lang.reflect.Method.invoke(Method.java:498)\r\n\tat cucumber.runtime.Utils$1.call(Utils.java:40)\r\n\tat cucumber.runtime.Timeout.timeout(Timeout.java:16)\r\n\tat cucumber.runtime.Utils.invoke(Utils.java:34)\r\n\tat cucumber.runtime.java.JavaHookDefinition.execute(JavaHookDefinition.java:60)\r\n\tat cucumber.runtime.Runtime.runHookIfTagsMatch(Runtime.java:224)\r\n\tat cucumber.runtime.Runtime.runHooks(Runtime.java:212)\r\n\tat cucumber.runtime.Runtime.runAfterHooks(Runtime.java:206)\r\n\tat cucumber.runtime.model.CucumberScenario.run(CucumberScenario.java:46)\r\n\tat cucumber.runtime.model.CucumberScenarioOutline.run(CucumberScenarioOutline.java:46)\r\n\tat cucumber.runtime.model.CucumberFeature.run(CucumberFeature.java:165)\r\n\tat cucumber.api.testng.TestNGCucumberRunner.runCucumber(TestNGCucumberRunner.java:63)\r\n\tat cucumber.api.testng.AbstractTestNGCucumberTests.feature(AbstractTestNGCucumberTests.java:21)\r\n\tat sun.reflect.NativeMethodAccessorImpl.invoke0(Native Method)\r\n\tat sun.reflect.NativeMethodAccessorImpl.invoke(NativeMethodAccessorImpl.java:62)\r\n\tat sun.reflect.DelegatingMethodAccessorImpl.invoke(DelegatingMethodAccessorImpl.java:43)\r\n\tat java.lang.reflect.Method.invoke(Method.java:498)\r\n\tat org.testng.internal.MethodInvocationHelper.invokeMethod(MethodInvocationHelper.java:86)\r\n\tat org.testng.internal.Invoker.invokeMethod(Invoker.java:643)\r\n\tat org.testng.internal.Invoker.invokeTestMethod(Invoker.java:820)\r\n\tat org.testng.internal.Invoker.invokeTestMethods(Invoker.java:1128)\r\n\tat org.testng.internal.TestMethodWorker.invokeTestMethods(TestMethodWorker.java:129)\r\n\tat org.testng.internal.TestMethodWorker.run(TestMethodWorker.java:112)\r\n\tat org.testng.TestRunner.privateRun(TestRunner.java:782)\r\n\tat org.testng.TestRunner.run(TestRunner.java:632)\r\n\tat org.testng.SuiteRunner.runTest(SuiteRunner.java:366)\r\n\tat org.testng.SuiteRunner.runSequentially(SuiteRunner.java:361)\r\n\tat org.testng.SuiteRunner.privateRun(SuiteRunner.java:319)\r\n\tat org.testng.SuiteRunner.run(SuiteRunner.java:268)\r\n\tat org.testng.SuiteRunnerWorker.runSuite(SuiteRunnerWorker.java:52)\r\n\tat org.testng.SuiteRunnerWorker.run(SuiteRunnerWorker.java:86)\r\n\tat org.testng.TestNG.runSuitesSequentially(TestNG.java:1244)\r\n\tat org.testng.TestNG.runSuitesLocally(TestNG.java:1169)\r\n\tat org.testng.TestNG.run(TestNG.java:1064)\r\n\tat org.gradle.api.internal.tasks.testing.testng.TestNGTestClassProcessor.runTests(TestNGTestClassProcessor.java:139)\r\n\tat org.gradle.api.internal.tasks.testing.testng.TestNGTestClassProcessor.stop(TestNGTestClassProcessor.java:89)\r\n\tat org.gradle.api.internal.tasks.testing.SuiteTestClassProcessor.stop(SuiteTestClassProcessor.java:61)\r\n\tat sun.reflect.NativeMethodAccessorImpl.invoke0(Native Method)\r\n\tat sun.reflect.NativeMethodAccessorImpl.invoke(NativeMethodAccessorImpl.java:62)\r\n\tat sun.reflect.DelegatingMethodAccessorImpl.invoke(DelegatingMethodAccessorImpl.java:43)\r\n\tat java.lang.reflect.Method.invoke(Method.java:498)\r\n\tat org.gradle.internal.dispatch.ReflectionDispatch.dispatch(ReflectionDispatch.java:35)\r\n\tat org.gradle.internal.dispatch.ReflectionDispatch.dispatch(ReflectionDispatch.java:24)\r\n\tat org.gradle.internal.dispatch.ContextClassLoaderDispatch.dispatch(ContextClassLoaderDispatch.java:32)\r\n\tat org.gradle.internal.dispatch.ProxyDispatchAdapter$DispatchingInvocationHandler.invoke(ProxyDispatchAdapter.java:93)\r\n\tat com.sun.proxy.$Proxy1.stop(Unknown Source)\r\n\tat org.gradle.api.internal.tasks.testing.worker.TestWorker.stop(TestWorker.java:123)\r\n\tat sun.reflect.NativeMethodAccessorImpl.invoke0(Native Method)\r\n\tat sun.reflect.NativeMethodAccessorImpl.invoke(NativeMethodAccessorImpl.java:62)\r\n\tat sun.reflect.DelegatingMethodAccessorImpl.invoke(DelegatingMethodAccessorImpl.java:43)\r\n\tat java.lang.reflect.Method.invoke(Method.java:498)\r\n\tat org.gradle.internal.dispatch.ReflectionDispatch.dispatch(ReflectionDispatch.java:35)\r\n\tat org.gradle.internal.dispatch.ReflectionDispatch.dispatch(ReflectionDispatch.java:24)\r\n\tat org.gradle.internal.remote.internal.hub.MessageHubBackedObjectConnection$DispatchWrapper.dispatch(MessageHubBackedObjectConnection.java:155)\r\n\tat org.gradle.internal.remote.internal.hub.MessageHubBackedObjectConnection$DispatchWrapper.dispatch(MessageHubBackedObjectConnection.java:137)\r\n\tat org.gradle.internal.remote.internal.hub.MessageHub$Handler.run(MessageHub.java:404)\r\n\tat org.gradle.internal.concurrent.ExecutorPolicy$CatchAndRecordFailures.onExecute(ExecutorPolicy.java:63)\r\n\tat org.gradle.internal.concurrent.ManagedExecutorImpl$1.run(ManagedExecutorImpl.java:46)\r\n\tat java.util.concurrent.ThreadPoolExecutor.runWorker(ThreadPoolExecutor.java:1149)\r\n\tat java.util.concurrent.ThreadPoolExecutor$Worker.run(ThreadPoolExecutor.java:624)\r\n\tat org.gradle.internal.concurrent.ThreadFactoryImpl$ManagedThreadRunnable.run(ThreadFactoryImpl.java:55)\r\n\tat java.lang.Thread.run(Thread.java:748)\r\nCaused by: org.openqa.selenium.NoSuchElementException: no such element: Unable to locate element: {\"method\":\"id\",\"selector\":\"Login\"}\n  (Session info: chrome\u003d68.0.3440.106)\n  (Driver info: chromedriver\u003d2.41.578737 (49da6702b16031c40d63e5618de03a32ff6c197e),platform\u003dWindows NT 10.0.14393 x86_64) (WARNING: The server did not provide any stacktrace information)\nCommand duration or timeout: 0 milliseconds\nFor documentation on this error, please visit: http://seleniumhq.org/exceptions/no_such_element.html\nBuild info: version: \u00273.5.3\u0027, revision: \u0027a88d25fe6b\u0027, time: \u00272017-08-29T12:42:44.417Z\u0027\nSystem info: host: \u0027CODING1\u0027, ip: \u002710.28.138.80\u0027, os.name: \u0027Windows Server 2016\u0027, os.arch: \u0027amd64\u0027, os.version: \u002710.0\u0027, java.version: \u00271.8.0_171\u0027\nDriver info: org.openqa.selenium.chrome.ChromeDriver\nCapabilities [{mobileEmulationEnabled\u003dfalse, hasTouchScreen\u003dfalse, platform\u003dXP, acceptSslCerts\u003dfalse, goog:chromeOptions\u003d{debuggerAddress\u003dlocalhost:59548}, acceptInsecureCerts\u003dfalse, webStorageEnabled\u003dtrue, browserName\u003dchrome, takesScreenshot\u003dtrue, javascriptEnabled\u003dtrue, platformName\u003dXP, setWindowRect\u003dtrue, unexpectedAlertBehaviour\u003d, applicationCacheEnabled\u003dfalse, rotatable\u003dfalse, networkConnectionEnabled\u003dfalse, chrome\u003d{chromedriverVersion\u003d2.41.578737 (49da6702b16031c40d63e5618de03a32ff6c197e), userDataDir\u003dC:\\Users\\Admin\\AppData\\Local\\Temp\\2\\scoped_dir10576_7903}, takesHeapSnapshot\u003dtrue, unhandledPromptBehavior\u003d, pageLoadStrategy\u003dnormal, databaseEnabled\u003dfalse, handlesAlerts\u003dtrue, version\u003d68.0.3440.106, browserConnectionEnabled\u003dfalse, nativeEvents\u003dtrue, locationContextEnabled\u003dtrue, cssSelectorsEnabled\u003dtrue}]\nSession ID: b01b885e410ec77277fd4184b79a4631\n*** Element info: {Using\u003did, value\u003dLogin}\r\n\tat sun.reflect.NativeConstructorAccessorImpl.newInstance0(Native Method)\r\n\tat sun.reflect.NativeConstructorAccessorImpl.newInstance(NativeConstructorAccessorImpl.java:62)\r\n\tat sun.reflect.DelegatingConstructorAccessorImpl.newInstance(DelegatingConstructorAccessorImpl.java:45)\r\n\tat java.lang.reflect.Constructor.newInstance(Constructor.java:423)\r\n\tat org.openqa.selenium.remote.ErrorHandler.createThrowable(ErrorHandler.java:215)\r\n\tat org.openqa.selenium.remote.ErrorHandler.throwIfResponseFailed(ErrorHandler.java:167)\r\n\tat org.openqa.selenium.remote.http.JsonHttpResponseCodec.reconstructValue(JsonHttpResponseCodec.java:40)\r\n\tat org.openqa.selenium.remote.http.AbstractHttpResponseCodec.decode(AbstractHttpResponseCodec.java:82)\r\n\tat org.openqa.selenium.remote.http.AbstractHttpResponseCodec.decode(AbstractHttpResponseCodec.java:45)\r\n\tat org.openqa.selenium.remote.HttpCommandExecutor.execute(HttpCommandExecutor.java:164)\r\n\tat org.openqa.selenium.remote.service.DriverCommandExecutor.execute(DriverCommandExecutor.java:82)\r\n\tat org.openqa.selenium.remote.RemoteWebDriver.execute(RemoteWebDriver.java:646)\r\n\tat org.openqa.selenium.remote.RemoteWebDriver.findElement(RemoteWebDriver.java:416)\r\n\tat org.openqa.selenium.remote.RemoteWebDriver.findElementById(RemoteWebDriver.java:462)\r\n\tat org.openqa.selenium.By$ById.findElement(By.java:218)\r\n\tat org.openqa.selenium.remote.RemoteWebDriver.findElement(RemoteWebDriver.java:408)\r\n\tat org.openqa.selenium.support.pagefactory.DefaultElementLocator.findElement(DefaultElementLocator.java:69)\r\n\tat org.openqa.selenium.support.pagefactory.internal.LocatingElementHandler.invoke(LocatingElementHandler.java:38)\r\n\tat com.sun.proxy.$Proxy22.isDisplayed(Unknown Source)\r\n\tat org.openqa.selenium.support.ui.ExpectedConditions.elementIfVisible(ExpectedConditions.java:302)\r\n\tat org.openqa.selenium.support.ui.ExpectedConditions.access$100(ExpectedConditions.java:44)\r\n\tat org.openqa.selenium.support.ui.ExpectedConditions$10.apply(ExpectedConditions.java:288)\r\n\tat org.openqa.selenium.support.ui.ExpectedConditions$10.apply(ExpectedConditions.java:285)\r\n\tat org.openqa.selenium.support.ui.FluentWait.until(FluentWait.java:209)\r\n\t... 70 more\r\n",
              "status": "failed"
            },
            "match": {
              "location": "LoginSteps.afterLoginScenario()"
            }
          },
          {
            "result": {
              "duration": 332600,
              "status": "passed"
            },
            "match": {
              "location": "ScenarioHooks.afterScenarioFailsCloseDriver(Scenario)"
            }
          }
        ],
        "type": "scenario",
        "keyword": "Scenario Outline",
        "steps": [
          {
            "result": {
              "duration": 4535257900,
              "status": "passed"
            },
            "line": 10,
            "name": "I login as \"daniels@estudent.com\" with password \"blackmoon10\"",
            "match": {
              "arguments": [
                {
                  "val": "daniels@estudent.com",
                  "offset": 12
                },
                {
                  "val": "blackmoon10",
                  "offset": 49
                }
              ],
              "location": "LoginSteps.login(String,String)"
            },
            "matchedColumns": [
              0,
              1
            ],
            "keyword": "When "
          },
          {
            "result": {
              "duration": 808300,
              "error_message": "cucumber.runtime.CucumberException: Arity mismatch: Step Definition \u0027com.jalasoft.sfdc.steps.LoginSteps.iShouldLoginSuccessfully(String) in file:/C:/Users/Admin/Desktop/proyecto%20GUI/AT-07-SalesForce/sfdc/build/classes/java/test/\u0027 with pattern [^I should login successfully$] is declared with 1 parameters. However, the gherkin step has 0 arguments []. \nStep: Then I should login successfully\r\n\tat cucumber.runtime.StepDefinitionMatch.arityMismatch(StepDefinitionMatch.java:102)\r\n\tat cucumber.runtime.StepDefinitionMatch.transformedArgs(StepDefinitionMatch.java:60)\r\n\tat cucumber.runtime.StepDefinitionMatch.runStep(StepDefinitionMatch.java:37)\r\n\tat cucumber.runtime.Runtime.runStep(Runtime.java:300)\r\n\tat cucumber.runtime.model.StepContainer.runStep(StepContainer.java:44)\r\n\tat cucumber.runtime.model.StepContainer.runSteps(StepContainer.java:39)\r\n\tat cucumber.runtime.model.CucumberScenario.run(CucumberScenario.java:44)\r\n\tat cucumber.runtime.model.CucumberScenarioOutline.run(CucumberScenarioOutline.java:46)\r\n\tat cucumber.runtime.model.CucumberFeature.run(CucumberFeature.java:165)\r\n\tat cucumber.api.testng.TestNGCucumberRunner.runCucumber(TestNGCucumberRunner.java:63)\r\n\tat cucumber.api.testng.AbstractTestNGCucumberTests.feature(AbstractTestNGCucumberTests.java:21)\r\n\tat sun.reflect.NativeMethodAccessorImpl.invoke0(Native Method)\r\n\tat sun.reflect.NativeMethodAccessorImpl.invoke(NativeMethodAccessorImpl.java:62)\r\n\tat sun.reflect.DelegatingMethodAccessorImpl.invoke(DelegatingMethodAccessorImpl.java:43)\r\n\tat java.lang.reflect.Method.invoke(Method.java:498)\r\n\tat org.testng.internal.MethodInvocationHelper.invokeMethod(MethodInvocationHelper.java:86)\r\n\tat org.testng.internal.Invoker.invokeMethod(Invoker.java:643)\r\n\tat org.testng.internal.Invoker.invokeTestMethod(Invoker.java:820)\r\n\tat org.testng.internal.Invoker.invokeTestMethods(Invoker.java:1128)\r\n\tat org.testng.internal.TestMethodWorker.invokeTestMethods(TestMethodWorker.java:129)\r\n\tat org.testng.internal.TestMethodWorker.run(TestMethodWorker.java:112)\r\n\tat org.testng.TestRunner.privateRun(TestRunner.java:782)\r\n\tat org.testng.TestRunner.run(TestRunner.java:632)\r\n\tat org.testng.SuiteRunner.runTest(SuiteRunner.java:366)\r\n\tat org.testng.SuiteRunner.runSequentially(SuiteRunner.java:361)\r\n\tat org.testng.SuiteRunner.privateRun(SuiteRunner.java:319)\r\n\tat org.testng.SuiteRunner.run(SuiteRunner.java:268)\r\n\tat org.testng.SuiteRunnerWorker.runSuite(SuiteRunnerWorker.java:52)\r\n\tat org.testng.SuiteRunnerWorker.run(SuiteRunnerWorker.java:86)\r\n\tat org.testng.TestNG.runSuitesSequentially(TestNG.java:1244)\r\n\tat org.testng.TestNG.runSuitesLocally(TestNG.java:1169)\r\n\tat org.testng.TestNG.run(TestNG.java:1064)\r\n\tat org.gradle.api.internal.tasks.testing.testng.TestNGTestClassProcessor.runTests(TestNGTestClassProcessor.java:139)\r\n\tat org.gradle.api.internal.tasks.testing.testng.TestNGTestClassProcessor.stop(TestNGTestClassProcessor.java:89)\r\n\tat org.gradle.api.internal.tasks.testing.SuiteTestClassProcessor.stop(SuiteTestClassProcessor.java:61)\r\n\tat sun.reflect.NativeMethodAccessorImpl.invoke0(Native Method)\r\n\tat sun.reflect.NativeMethodAccessorImpl.invoke(NativeMethodAccessorImpl.java:62)\r\n\tat sun.reflect.DelegatingMethodAccessorImpl.invoke(DelegatingMethodAccessorImpl.java:43)\r\n\tat java.lang.reflect.Method.invoke(Method.java:498)\r\n\tat org.gradle.internal.dispatch.ReflectionDispatch.dispatch(ReflectionDispatch.java:35)\r\n\tat org.gradle.internal.dispatch.ReflectionDispatch.dispatch(ReflectionDispatch.java:24)\r\n\tat org.gradle.internal.dispatch.ContextClassLoaderDispatch.dispatch(ContextClassLoaderDispatch.java:32)\r\n\tat org.gradle.internal.dispatch.ProxyDispatchAdapter$DispatchingInvocationHandler.invoke(ProxyDispatchAdapter.java:93)\r\n\tat com.sun.proxy.$Proxy1.stop(Unknown Source)\r\n\tat org.gradle.api.internal.tasks.testing.worker.TestWorker.stop(TestWorker.java:123)\r\n\tat sun.reflect.NativeMethodAccessorImpl.invoke0(Native Method)\r\n\tat sun.reflect.NativeMethodAccessorImpl.invoke(NativeMethodAccessorImpl.java:62)\r\n\tat sun.reflect.DelegatingMethodAccessorImpl.invoke(DelegatingMethodAccessorImpl.java:43)\r\n\tat java.lang.reflect.Method.invoke(Method.java:498)\r\n\tat org.gradle.internal.dispatch.ReflectionDispatch.dispatch(ReflectionDispatch.java:35)\r\n\tat org.gradle.internal.dispatch.ReflectionDispatch.dispatch(ReflectionDispatch.java:24)\r\n\tat org.gradle.internal.remote.internal.hub.MessageHubBackedObjectConnection$DispatchWrapper.dispatch(MessageHubBackedObjectConnection.java:155)\r\n\tat org.gradle.internal.remote.internal.hub.MessageHubBackedObjectConnection$DispatchWrapper.dispatch(MessageHubBackedObjectConnection.java:137)\r\n\tat org.gradle.internal.remote.internal.hub.MessageHub$Handler.run(MessageHub.java:404)\r\n\tat org.gradle.internal.concurrent.ExecutorPolicy$CatchAndRecordFailures.onExecute(ExecutorPolicy.java:63)\r\n\tat org.gradle.internal.concurrent.ManagedExecutorImpl$1.run(ManagedExecutorImpl.java:46)\r\n\tat java.util.concurrent.ThreadPoolExecutor.runWorker(ThreadPoolExecutor.java:1149)\r\n\tat java.util.concurrent.ThreadPoolExecutor$Worker.run(ThreadPoolExecutor.java:624)\r\n\tat org.gradle.internal.concurrent.ThreadFactoryImpl$ManagedThreadRunnable.run(ThreadFactoryImpl.java:55)\r\n\tat java.lang.Thread.run(Thread.java:748)\r\n",
              "status": "failed"
            },
            "embeddings": [
              {
                "data": "iVBORw0KGgoAAAANSUhEUgAABAAAAAKWCAYAAADX8uvnAAAQSUlEQVR4nO3YwQ3AIBDAsNL9dz6mQEjEniDvrJmZDwAAAHjafzsAAAAAOM8AAAAAgAADAAAAAAIMAAAAAAgwAAAAACDAAAAAAIAAAwAAAAACDAAAAAAIMAAAAAAgwAAAAACAAAMAAAAAAgwAAAAACDAAAAAAIMAAAAAAgAADAAAAAAIMAAAAAAgwAAAAACDAAAAAAIAAAwAAAAACDAAAAAAIMAAAAAAgwAAAAACAAAMAAAAAAgwAAAAACDAAAAAAIMAAAAAAgAADAAAAAAIMAAAAAAgwAAAAACDAAAAAAIAAAwAAAAACDAAAAAAIMAAAAAAgwAAAAACAAAMAAAAAAgwAAAAACDAAAAAAIMAAAAAAgAADAAAAAAIMAAAAAAgwAAAAACDAAAAAAIAAAwAAAAACDAAAAAAIMAAAAAAgwAAAAACAAAMAAAAAAgwAAAAACDAAAAAAIMAAAAAAgAADAAAAAAIMAAAAAAgwAAAAACDAAAAAAIAAAwAAAAACDAAAAAAIMAAAAAAgwAAAAACAAAMAAAAAAgwAAAAACDAAAAAAIMAAAAAAgAADAAAAAAIMAAAAAAgwAAAAACDAAAAAAIAAAwAAAAACDAAAAAAIMAAAAAAgwAAAAACAAAMAAAAAAgwAAAAACDAAAAAAIMAAAAAAgAADAAAAAAIMAAAAAAgwAAAAACDAAAAAAIAAAwAAAAACDAAAAAAIMAAAAAAgwAAAAACAAAMAAAAAAgwAAAAACDAAAAAAIMAAAAAAgAADAAAAAAIMAAAAAAgwAAAAACDAAAAAAIAAAwAAAAACDAAAAAAIMAAAAAAgwAAAAACAAAMAAAAAAgwAAAAACDAAAAAAIMAAAAAAgAADAAAAAAIMAAAAAAgwAAAAACDAAAAAAIAAAwAAAAACDAAAAAAIMAAAAAAgwAAAAACAAAMAAAAAAgwAAAAACDAAAAAAIMAAAAAAgAADAAAAAAIMAAAAAAgwAAAAACDAAAAAAIAAAwAAAAACDAAAAAAIMAAAAAAgwAAAAACAAAMAAAAAAgwAAAAACDAAAAAAIMAAAAAAgAADAAAAAAIMAAAAAAgwAAAAACDAAAAAAIAAAwAAAAACDAAAAAAIMAAAAAAgwAAAAACAAAMAAAAAAgwAAAAACDAAAAAAIMAAAAAAgAADAAAAAAIMAAAAAAgwAAAAACDAAAAAAIAAAwAAAAACDAAAAAAIMAAAAAAgwAAAAACAAAMAAAAAAgwAAAAACDAAAAAAIMAAAAAAgAADAAAAAAIMAAAAAAgwAAAAACDAAAAAAIAAAwAAAAACDAAAAAAIMAAAAAAgwAAAAACAAAMAAAAAAgwAAAAACDAAAAAAIMAAAAAAgAADAAAAAAIMAAAAAAgwAAAAACDAAAAAAIAAAwAAAAACDAAAAAAIMAAAAAAgwAAAAACAAAMAAAAAAgwAAAAACDAAAAAAIMAAAAAAgAADAAAAAAIMAAAAAAgwAAAAACDAAAAAAIAAAwAAAAACDAAAAAAIMAAAAAAgwAAAAACAAAMAAAAAAgwAAAAACDAAAAAAIMAAAAAAgAADAAAAAAIMAAAAAAgwAAAAACDAAAAAAIAAAwAAAAACDAAAAAAIMAAAAAAgwAAAAACAAAMAAAAAAgwAAAAACDAAAAAAIMAAAAAAgAADAAAAAAIMAAAAAAgwAAAAACDAAAAAAIAAAwAAAAACDAAAAAAIMAAAAAAgwAAAAACAAAMAAAAAAgwAAAAACDAAAAAAIMAAAAAAgAADAAAAAAIMAAAAAAgwAAAAACDAAAAAAIAAAwAAAAACDAAAAAAIMAAAAAAgwAAAAACAAAMAAAAAAgwAAAAACDAAAAAAIMAAAAAAgAADAAAAAAIMAAAAAAgwAAAAACDAAAAAAIAAAwAAAAACDAAAAAAIMAAAAAAgwAAAAACAAAMAAAAAAgwAAAAACDAAAAAAIMAAAAAAgAADAAAAAAIMAAAAAAgwAAAAACDAAAAAAIAAAwAAAAACDAAAAAAIMAAAAAAgwAAAAACAAAMAAAAAAgwAAAAACDAAAAAAIMAAAAAAgAADAAAAAAIMAAAAAAgwAAAAACDAAAAAAIAAAwAAAAACDAAAAAAIMAAAAAAgwAAAAACAAAMAAAAAAgwAAAAACDAAAAAAIMAAAAAAgAADAAAAAAIMAAAAAAgwAAAAACDAAAAAAIAAAwAAAAACDAAAAAAIMAAAAAAgwAAAAACAAAMAAAAAAgwAAAAACDAAAAAAIMAAAAAAgAADAAAAAAIMAAAAAAgwAAAAACDAAAAAAIAAAwAAAAACDAAAAAAIMAAAAAAgwAAAAACAAAMAAAAAAgwAAAAACDAAAAAAIMAAAAAAgAADAAAAAAIMAAAAAAgwAAAAACDAAAAAAIAAAwAAAAACDAAAAAAIMAAAAAAgwAAAAACAAAMAAAAAAgwAAAAACDAAAAAAIMAAAAAAgAADAAAAAAIMAAAAAAgwAAAAACDAAAAAAIAAAwAAAAACDAAAAAAIMAAAAAAgwAAAAACAAAMAAAAAAgwAAAAACDAAAAAAIMAAAAAAgAADAAAAAAIMAAAAAAgwAAAAACDAAAAAAIAAAwAAAAACDAAAAAAIMAAAAAAgwAAAAACAAAMAAAAAAgwAAAAACDAAAAAAIMAAAAAAgAADAAAAAAIMAAAAAAgwAAAAACDAAAAAAIAAAwAAAAACDAAAAAAIMAAAAAAgwAAAAACAAAMAAAAAAgwAAAAACDAAAAAAIMAAAAAAgAADAAAAAAIMAAAAAAgwAAAAACDAAAAAAIAAAwAAAAACDAAAAAAIMAAAAAAgwAAAAACAAAMAAAAAAgwAAAAACDAAAAAAIMAAAAAAgAADAAAAAAIMAAAAAAgwAAAAACDAAAAAAIAAAwAAAAACDAAAAAAIMAAAAAAgwAAAAACAAAMAAAAAAgwAAAAACDAAAAAAIMAAAAAAgAADAAAAAAIMAAAAAAgwAAAAACDAAAAAAIAAAwAAAAACDAAAAAAIMAAAAAAgwAAAAACAAAMAAAAAAgwAAAAACDAAAAAAIMAAAAAAgAADAAAAAAIMAAAAAAgwAAAAACDAAAAAAIAAAwAAAAACDAAAAAAIMAAAAAAgwAAAAACAAAMAAAAAAgwAAAAACDAAAAAAIMAAAAAAgAADAAAAAAIMAAAAAAgwAAAAACDAAAAAAIAAAwAAAAACDAAAAAAIMAAAAAAgwAAAAACAAAMAAAAAAgwAAAAACDAAAAAAIMAAAAAAgAADAAAAAAIMAAAAAAgwAAAAACDAAAAAAIAAAwAAAAACDAAAAAAIMAAAAAAgwAAAAACAAAMAAAAAAgwAAAAACDAAAAAAIMAAAAAAgAADAAAAAAIMAAAAAAgwAAAAACDAAAAAAIAAAwAAAAACDAAAAAAIMAAAAAAgwAAAAACAAAMAAAAAAgwAAAAACDAAAAAAIMAAAAAAgAADAAAAAAIMAAAAAAgwAAAAACDAAAAAAIAAAwAAAAACDAAAAAAIMAAAAAAgwAAAAACAAAMAAAAAAgwAAAAACDAAAAAAIMAAAAAAgAADAAAAAAIMAAAAAAgwAAAAACDAAAAAAIAAAwAAAAACDAAAAAAIMAAAAAAgwAAAAACAAAMAAAAAAgwAAAAACDAAAAAAIMAAAAAAgAADAAAAAAIMAAAAAAgwAAAAACDAAAAAAIAAAwAAAAACDAAAAAAIMAAAAAAgwAAAAACAAAMAAAAAAgwAAAAACDAAAAAAIMAAAAAAgAADAAAAAAIMAAAAAAgwAAAAACDAAAAAAIAAAwAAAAACDAAAAAAIMAAAAAAgwAAAAACAAAMAAAAAAgwAAAAACDAAAAAAIMAAAAAAgAADAAAAAAIMAAAAAAgwAAAAACDAAAAAAIAAAwAAAAACDAAAAAAIMAAAAAAgwAAAAACAAAMAAAAAAgwAAAAACDAAAAAAIMAAAAAAgAADAAAAAAIMAAAAAAgwAAAAACDAAAAAAIAAAwAAAAACDAAAAAAIMAAAAAAgwAAAAACAAAMAAAAAAgwAAAAACDAAAAAAIMAAAAAAgAADAAAAAAIMAAAAAAgwAAAAACDAAAAAAIAAAwAAAAACDAAAAAAIMAAAAAAgwAAAAACAAAMAAAAAAgwAAAAACDAAAAAAIMAAAAAAgAADAAAAAAIMAAAAAAgwAAAAACDAAAAAAIAAAwAAAAACDAAAAAAIMAAAAAAgwAAAAACAAAMAAAAAAgwAAAAACDAAAAAAIMAAAAAAgAADAAAAAAIMAAAAAAgwAAAAACDAAAAAAIAAAwAAAAACDAAAAAAIMAAAAAAgwAAAAACAAAMAAAAAAgwAAAAACDAAAAAAIMAAAAAAgAADAAAAAAIMAAAAAAgwAAAAACDAAAAAAIAAAwAAAAACDAAAAAAIMAAAAAAgwAAAAACAAAMAAAAAAgwAAAAACDAAAAAAIMAAAAAAgAADAAAAAAIMAAAAAAgwAAAAACDAAAAAAIAAAwAAAAACDAAAAAAIMAAAAAAgwAAAAACAAAMAAAAAAgwAAAAACDAAAAAAIMAAAAAAgAADAAAAAAIMAAAAAAgwAAAAACDAAAAAAIAAAwAAAAACDAAAAAAIMAAAAAAgwAAAAACAAAMAAAAAAgwAAAAACDAAAAAAIMAAAAAAgAADAAAAAAIMAAAAAAgwAAAAACDAAAAAAIAAAwAAAAACDAAAAAAIMAAAAAAgwAAAAACAAAMAAAAAAgwAAAAACDAAAAAAIMAAAAAAgAADAAAAAAIMAAAAAAgwAAAAACDAAAAAAIAAAwAAAAACDAAAAAAIMAAAAAAgwAAAAACAAAMAAAAAAgwAAAAACDAAAAAAIMAAAAAAgAADAAAAAAIMAAAAAAgwAAAAACDAAAAAAIAAAwAAAAACDAAAAAAIMAAAAAAgwAAAAACAAAMAAAAAAgwAAAAACDAAAAAAIMAAAAAAgAADAAAAAAIMAAAAAAgwAAAAACDAAAAAAIAAAwAAAAACDAAAAAAIMAAAAAAgwAAAAACAAAMAAAAAAgwAAAAACDAAAAAAIMAAAAAAgAADAAAAAAIMAAAAAAgwAAAAACDAAAAAAIAAAwAAAAACDAAAAAAIMAAAAAAgwAAAAACAAAMAAAAAAgwAAAAACDAAAAAAIMAAAAAAgAADAAAAAAIMAAAAAAgwAAAAACDAAAAAAIAAAwAAAAACDAAAAAAIMAAAAAAgwAAAAACAAAMAAAAAAgwAAAAACDAAAAAAIMAAAAAAgAADAAAAAAIMAAAAAAgwAAAAACDAAAAAAIAAAwAAAAACDAAAAAAIMAAAAAAgwAAAAACAAAMAAAAAAgwAAAAACDAAAAAAIMAAAAAAgAADAAAAAAIMAAAAAAgwAAAAACDAAAAAAIAAAwAAAAACDAAAAAAIMAAAAAAgwAAAAACAAAMAAAAAAgwAAAAACDAAAAAAIMAAAAAAgAADAAAAAAIMAAAAAAgwAAAAACDAAAAAAIAAAwAAAAACDAAAAAAIMAAAAAAgwAAAAACAAAMAAAAAAgwAAAAACDAAAAAAIGADCDkJKIMVKEAAAAAASUVORK5CYII\u003d",
                "mime_type": "image/jpeg"
              }
            ],
            "line": 11,
            "name": "I should login successfully",
            "match": {
              "location": "LoginSteps.iShouldLoginSuccessfully(String)"
            },
            "keyword": "Then "
          }
        ],
        "tags": [
          {
            "line": 1,
            "name": "@Login"
          },
          {
            "line": 8,
            "name": "@Logout"
          },
          {
            "line": 8,
            "name": "@SmokeTest"
          }
        ]
      },
      {
        "line": 5,
        "name": "",
        "description": "",
        "type": "background",
        "keyword": "Background",
        "steps": [
          {
            "result": {
              "duration": 3995491900,
              "status": "passed"
            },
            "line": 6,
            "name": "I navigate to Login page",
            "match": {
              "location": "LoginSteps.navigateToLoginPage()"
            },
            "keyword": "Given "
          }
        ]
      },
      {
        "line": 24,
        "name": "Users should not be able to login using invalid credentials",
        "description": "",
        "id": "login;users-should-not-be-able-to-login-using-invalid-credentials;short-pass;2",
        "after": [
          {
            "result": {
              "duration": 244700,
              "status": "passed"
            },
            "match": {
              "location": "ScenarioHooks.afterScenarioFailsTakeScreenshot(Scenario)"
            }
          },
          {
            "result": {
              "duration": 34359200,
              "status": "passed"
            },
            "match": {
              "location": "LoginSteps.afterLoginScenario()"
            }
          },
          {
            "result": {
              "duration": 59000,
              "status": "passed"
            },
            "match": {
              "location": "ScenarioHooks.afterScenarioFailsCloseDriver(Scenario)"
            }
          }
        ],
        "type": "scenario",
        "keyword": "Scenario Outline",
        "steps": [
          {
            "result": {
              "duration": 2034807500,
              "status": "passed"
            },
            "line": 19,
            "name": "I login as \"daniels@estudent.com\" with password \"Co84547\"",
            "match": {
              "arguments": [
                {
                  "val": "daniels@estudent.com",
                  "offset": 12
                },
                {
                  "val": "Co84547",
                  "offset": 49
                }
              ],
              "location": "LoginSteps.login(String,String)"
            },
            "matchedColumns": [
              0,
              1
            ],
            "keyword": "When "
          },
          {
            "result": {
              "duration": 94567600,
              "status": "passed"
            },
            "line": 20,
            "name": "I should not login successfully \"Compruebe su nombre de usuario y contraseña. Si sigue sin poder iniciar sesión, póngase en contacto con su administrador de Salesforce.\"",
            "match": {
              "arguments": [
                {
                  "val": "Compruebe su nombre de usuario y contraseña. Si sigue sin poder iniciar sesión, póngase en contacto con su administrador de Salesforce.",
                  "offset": 33
                }
              ],
              "location": "LoginSteps.iShouldNotLoginSuccessfully(String)"
            },
            "matchedColumns": [
              2
            ],
            "keyword": "Then "
          }
        ],
        "tags": [
          {
            "line": 1,
            "name": "@Login"
          },
          {
            "line": 17,
            "name": "@Logout"
          },
          {
            "line": 17,
            "name": "@SmokeTest"
          }
        ]
      }
    ],
    "name": "Login",
    "description": "Test successfully and unsuccessfully login and logout",
    "id": "login",
    "keyword": "Feature",
    "uri": "features/login.feature",
    "tags": [
      {
        "line": 1,
        "name": "@Login"
      }
    ]
  }
]